make.exe all --print-data-base --no-builtin-variables --no-builtin-rules --question
C:/ProgramData/chocolatey/lib/make/tools/install/bin/make.exe -C ./lib
 
# GNU Make 4.3
# Built for Windows32
# Copyright (C) 1988-2020 Free Software Foundation, Inc.
# License GPLv3+: GNU GPL version 3 or later <http://gnu.org/licenses/gpl.html>
# This is free software: you are free to change and redistribute it.
# There is NO WARRANTY, to the extent permitted by law.

# Make data base, printed on Sat Jul 09 20:42:46 2022

# Variables

# environment
SYSTEMDRIVE = C:
# environment
LC_ALL = C
# environment
USERPROFILE = C:\Users\romaingue
# environment
LOCALAPPDATA = C:\Users\romaingue\AppData\Local
# environment
VSCODE_CWD = C:\Users\romaingue\AppData\Local\Programs\Microsoft VS Code
# environment
CHOCOLATEYINSTALL = C:\ProgramData\chocolatey
# environment
SYSTEMROOT = C:\WINDOWS
# environment
PROCESSOR_LEVEL = 6
# environment
PSMODULEPATH = C:\Program Files\WindowsPowerS 
hell\Modules;C:\WINDOWS\system32\WindowsPowerShell\v1.0\Modules
# default
MAKE_COMMAND := C:/ProgramData/chocolatey/lib/make/tools/install/bin/make.exe
# automatic
@D = $(patsubst %/,%,$(patsubst %\,%,$(dir $@)))
# environment
CHROME_CRASHPAD_PIPE_NAME = \\.\pipe\crashpad_19728_ETWGIWVTJTBISEWJ
# environment
VSCODE_HANDLES_UNCAUGHT_ERRORS = true
# default
.VARIABLES := 
# automatic
%D = $(patsubst %/,%,$(patsubst %\,%,$(dir $%)))
# automatic
^D = $(patsubst %/,%,$(patsubst %\,%,$(dir $^)))
# automatic
%F = $(notdir $%)
# environment
VSCODE_CODE_CACHE_PATH = C:\Users\romaingue\AppData\Roaming\Code\CachedData\92d25e35d9bf1a6b16f7d0758f25d48ace11e5b9
# environment
LANG = C
# default
.LOADED := 
# environment
TMP = C:\Users\ROMAIN~1\AppData\Local\Temp
# default
.INCLUDE_DIRS = .
# environment
PROCESSOR_ARCHITEW6432 = AMD64
# makefile
MAKEFLAGS = pqrRw
# environment
ONEDRIVE = C:\Users\romaingue\OneDrive
# makefile
CURDIR := c:/Users/romaingue/Documents/rgb-panel-tesla/lib
# environment
APPLICATION_INSIGHTS_NO_DIAGNOSTIC_CHANNEL = 1
# automatic
*D = $(patsubst %/,%,$(patsubst %\,%,$(dir $*)))
# environment
PROGRAMFILES = C:\Program Files (x86)
# environment
MFLAGS = -pqrRw
# default
.SHELLFLAGS := -c
# environment
COMMONPROGRAMW6432 = C:\Program Files\Common Files
# automatic
+D = $(patsubst %/,%,$(patsubst %\,%,$(dir $+)))
# makefile (from 'Makefile', line 1)
MAKEFILE_LIST := Makefile
# automatic
@F = $(notdir $@)
# environment
VSCODE_PID = 19728
# automatic
?D = $(patsubst %/,%,$(patsubst %\,%,$(dir $?)))
# automatic
*F = $(notdir $*)
# automatic
<D = $(patsubst %/,%,$(patsubst %\,%,$(dir $<)))
# environment
VSCODE_NLS_CONFIG = {"locale":"fr","availableLanguages":{"*":"fr"},"_languagePackId":"13937c2d711ee67d0a12bab7770373d5.fr","_translationsConfigFile":"C:\\Users\\romaingue\\AppData\\Roaming\\Code\\clp\\13937c2d711ee67d0a12bab7770373d5.fr\\tcf.json","_cacheRoot":"C:\\Users\\romaingue\\AppData\\Roaming\\Code\\clp\\13937c2d711ee67d0a12bab7770373d5.fr","_resolvedLanguagePackCoreLocation":"C:\\Users\\romaingue\\AppData\\Roaming\\Code\\clp\\13937c2d711ee67d0a12bab7770373d5.fr\\92d25e35d9bf1a6b16f7d0758f25d48ace11e5b9","_corruptedFile":"C:\\Users\\romaingue\\AppData\\Roaming\\Code\\clp\\13937c2d711ee67d0a12bab7770373d5.fr\\corrupted.info","_languagePackSupport":true}
# default
MAKE_HOST := Windows32
# environment
PROGRAMDATA = C:\ProgramData
# default
SHELL := sh.exe
# environment
HOMEPATH = \Users\romaingue
# makefile (from 'Makefile', line 166)
DEFINES = $(USER_DEFINES) -DDEFAULT_HARDWARE='"$(HARDWARE_DESC)"'
# environment
DRIVERDATA = C:\Windows\System32\Drivers\DriverData
# environment
COMSPEC = C:\WINDOWS\system32\cmd.exe
# environment
WINDIR = C:\WINDOWS
# environment
MAKELEVEL := 1
# default
MAKE = $(MAKE_COMMAND)
# environment
PATH = C:\Program Files (x86)\Common Files\Oracle\Java\javapath;C:\Program Files (x86)\Intel\Intel(R) Management Engine Components\iCLS\;C:\Program Files\Intel\Intel(R) Management Engine Components\iCLS\;C:\Windows\system32;C:\Windows;C:\Windows\System32\Wbem;C:\Windows\System32\WindowsPowerShell\v1.0\;C:\Program Files (x86)\Intel\Intel(R) Management Engine Components\DAL;C:\Program Files\Intel\Intel(R) Management Engine Components\DAL;C:\Program Files (x86)\Intel\Intel(R) Management Engine Components\IPT;C:\Program Files\Intel\Intel(R) Management Engine Components\IPT;C:\Program Files (x86)\NVIDIA Corporation\PhysX\Common;C:\Program Files\Intel\WiFi\bin\;C:\Program Files\Common Files\Intel\WirelessCommon\;C:\WINDOWS\system32;C:\WINDOWS;C:\WINDOWS\System32\Wbem;C:\WINDOWS\System32\WindowsPowerShell\v1.0\;C:\WINDOWS\System32\OpenSSH\;C:\Android;C:\Program Files\dotnet\;C:\Program Files\NVIDIA Corporation\NVIDIA NvDLISR;C:\WINDOWS\system32;C:\WINDOWS;C:\WINDOWS\System32\Wbem;C:\WINDOWS\System32\WindowsPowerShell\v1.0\;C:\WINDOWS\System32\OpenSSH\;C:\Program Files\Docker\Docker\resources\bin;C:\ProgramData\DockerDesktop\version-bin;C:\Program Files\Git\cmd;C:\ProgramData\chocolatey\bin;C:\Users\romaingue\AppData\Local\Microsoft\WindowsApps;;C:\Users\romaingue\AppData\Local\Programs\Microsoft VS Code\bin
# environment
COMPUTERNAME = BOBBY
# default
MAKEFILES := 
# automatic
^F = $(notdir $^)
# environment
PROMPT = $P$G
# environment
CHOCOLATEYLASTPATHUPDATE = 133018527384384453
# makefile (from 'Makefile', line 37)
HARDWARE_DESC = regular
# environment
LOGONSERVER = \\BOBBY
# environment
USERNAME = romain
# environment
COMMONPROGRAMFILES = C:\Program Files (x86)\Common Files
# automatic
?F = $(notdir $?)
# environment
PROGRAMW6432 = C:\Program Files
# environment
PATHEXT = .COM;.EXE;.BAT;.CMD;.VBS;.VBE;.JS;.JSE;.WSF;.WSH;.MSC
# automatic
+F = $(notdir $+)
# environment
ORIGINAL_XDG_CURRENT_DESKTOP = undefined
# makefile (from 'Makefile', line 6)
OBJECTS = gpio.o led-matrix.o options-initialize.o framebuffer.o thread.o bdf-font.o graphics.o led-matrix-c.o hardware-mapping.o pixel-mapper.o multiplex-mappers.o content-streamer.o
# environment
USERDOMAIN = BOBBY
# 'override' directive
GNUMAKEFLAGS := 
# environment
OS = Windows_NT
# makefile
.DEFAULT_GOAL := all
# default
MAKE_VERSION := 4.3
# environment
PROGRAMFILES(X86) = C:\Program Files (x86)
# environment
USERDOMAIN_ROAMINGPROFILE = BOBBY
# environment
NUMBER_OF_PROCESSORS = 8
# environment
PUBLIC = C:\Users\Public
# environment
APPDATA = C:\Users\romaingue\AppData\Roaming
# makefile (from 'Makefile', line 168)
CFLAGS = -W -Wall -Wextra -Wno-unused-parameter -O3 -g -fPIC $(DEFINES)
# environment
HOMEDRIVE = C:
# environment
PROCESSOR_ARCHITECTURE = x86
# environment
VSCODE_AMD_ENTRYPOINT = vs/workbench/api/node/extensionHostProcess
# environment
COMMONPROGRAMFILES(X86) = C:\Program Files (x86)\Common Files
# makefile (from 'Makefile', line 167)
INCDIR = ../include
# environment
ELECTRON_RUN_AS_NODE = 1
# environment
TEMP = C:\Users\ROMAIN~1\AppData\Local\Temp
# environment
VSCODE_IPC_HOOK = \\.\pipe\21371889d25e5cd6b6e076097b40b93a-1.69.0-main-sock
# default
.RECIPEPREFIX := 
# automatic
<F = $(notdir $<)
# default
SUFFIXES := 
# environment
ALLUSERSPROFILE = C:\ProgramData
# makefile (from 'Makefile', line 11)
TARGET = librgbmatrix
# environment
SESSIONNAME = Console
# makefile (from 'Makefile', line 169)
CXXFLAGS = $(CFLAGS) -fno-exceptions -std=c++11
# default
.FEATURES := target-specific order-only second-expansion else-if shortest-stem undefine oneshell nocomment grouped-target extra-prereqs archives jobserver output-sync load
# environment
PROCESSOR_REVISION = 9e0a
# environment
PROCESSOR_IDENTIFIER = Intel64 Family 6 Model 158 Stepping 10, GenuineIntel
# variable set hash-table stats:
# Load=95/1024=9%, Rehash=0, Collisions=5/151=3%

# Pattern-specific Variable Values

# No pattern-specific variable values.

# Directories

# . (key c:/Users/romaingue/Documents/rgb-panel-tesla/lib, mtime 1657391552): 22 files, no impossibilities.

# 22 files, no impossibilities in 1 directories.

# Implicit Rules

%.o: %.cc compiler-flags
#  recipe to execute (from 'Makefile', line 185):
	$(CXX) -I$(INCDIR) $(CXXFLAGS) -c -o $@ $<

%.o: %.c compiler-flags
#  recipe to execute (from 'Makefile', line 188):
	$(CC)  -I$(INCDIR) $(CFLAGS) -c -o $@ $<

# 2 implicit rules, 0 (0.0%) terminal.
# Files

# Not a target:
thread.cc:
#  Implicit rule search has not been done.
#  Modification time never checked.
#  File has not been updated.

FORCE:
#  Phony target (prerequisite of .PHONY).
#  Implicit rule search has not been done.
#  File does not exist.
#  File has been updated.
#  Successfully updated.

led-matrix.o: led-matrix.cc ../include/led-matrix.h
#  Implicit rule search has not been done.
#  Modification time never checked.
#  File has not been updated.

# Not a target:
gpio.cc:
#  Implicit rule search has been done.
#  Last modified 2022-07-09 20:32:32
#  File has been updated.
#  Successfully updated.

librgbmatrix.a: gpio.o led-matrix.o options-initialize.o framebuffer.o thread.o bdf-font.o graphics.o led-matrix-c.o hardware-mapping.o pixel-mapper.o multiplex-mappers.o content-streamer.o
#  Implicit rule search has not been done.
#  File does not exist.
#  File has been updated.
#  Needs to be updated (-q is set).
# variable set hash-table stats:
# Load=0/32=0%, Rehash=0, Collisions=0/15=0%
#  recipe to execute (from 'Makefile', line 174):
	$(AR) rcs $@ $^

# Not a target:
hardware-mapping.o:
#  Implicit rule search has not been done.
#  Modification time never checked.
#  File has not been updated.

# Not a target:
../include/led-matrix.h:
#  Implicit rule search has not been done.
#  Modification time never checked.
#  File has not been updated.

# Not a target:
pixel-mapper.o:
#  Implicit rule search has not been done.
#  Modification time never checked.
#  File has not been updated.

# Not a target:
Makefile:
#  Implicit rule search has been done.
#  Last modified 2022-07-09 20:32:32
#  File has been updated.
#  Successfully updated.

graphics.o: graphics.cc utf8-internal.h
#  Implicit rule search has not been done.
#  Modification time never checked.
#  File has not been updated.

# Not a target:
framebuffer.cc:
#  Implicit rule search has not been done.
#  Modification time never checked.
#  File has not been updated.

# Not a target:
multiplex-mappers.o:
#  Implicit rule search has not been done.
#  Modification time never checked.
#  File has not been updated.

clean:
#  Implicit rule search has not been done.
#  Modification time never checked.
#  File has not been updated.
#  recipe to execute (from 'Makefile', line 191):
	rm -f $(OBJECTS) $(TARGET).a $(TARGET).so.1

# Not a target:
options-initialize.o:
#  Implicit rule search has not been done.
#  Modification time never checked.
#  File has not been updated.

gpio.o: gpio.cc compiler-flags
#  Implicit rule search has been done.
#  Implicit/static pattern stem: 'gpio'
#  File does not exist.
#  File has been updated.
#  Needs to be updated (-q is set).
# variable set hash-table stats:
# Load=0/32=0%, Rehash=0, Collisions=0/15=0%
#  recipe to execute (from 'Makefile', line 185):
	$(CXX) -I$(INCDIR) $(CXXFLAGS) -c -o $@ $<

# Not a target:
content-streamer.o:
#  Implicit rule search has not been done.
#  Modification time never checked.
#  File has not been updated.

librgbmatrix.so.1: gpio.o led-matrix.o options-initialize.o framebuffer.o thread.o bdf-font.o graphics.o led-matrix-c.o hardware-mapping.o pixel-mapper.o multiplex-mappers.o content-streamer.o
#  Implicit rule search has not been done.
#  Modification time never checked.
#  File has not been updated.
#  recipe to execute (from 'Makefile', line 177):
	$(CXX) -shared -Wl,-soname,$@ -o $@ $^ -lpthread  -lrt -lm -lpthread

# Not a target:
framebuffer-internal.h:
#  Implicit rule search has not been done.
#  Modification time never checked.
#  File has not been updated.

# Not a target:
bdf-font.o:
#  Implicit rule search has not been done.
#  Modification time never checked.
#  File has not been updated.

# Not a target:
.DEFAULT:
#  Implicit rule search has not been done.
#  Modification time never checked.
#  File has not been updated.

all: librgbmatrix.a librgbmatrix.so.1
#  Implicit rule search has been done.
#  File does not exist.
#  File has been updated.
#  Needs to be updated (-q is set).
# variable set hash-table stats:
# Load=0/32=0%, Rehash=0, Collisions=0/15=0%

# Not a target:
utf8-internal.h:
#  Implicit rule search has not been done.
#  Modification time never checked.
#  File has not been updated.

# Not a target:
led-matrix-c.o:
#  Implicit rule search has not been done.
#  Modification time never checked.
#  File has not been updated.

framebuffer.o: framebuffer.cc framebuffer-internal.h
#  Implicit rule search has not been done.
#  Modification time never checked.
#  File has not been updated.

compiler-flags: FORCE
#  Implicit rule search has not been done.
#  Implicit/static pattern stem: ''
#  File does not exist.
#  File has been updated.
#  Needs to be updated (-q is set).
# automatic
# @ := compiler-flags
# automatic
# * := 
# automatic
# < := FORCE
# automatic
# + := FORCE
# automatic
# % := 
# automatic
# ^ := FORCE
# automatic
# ? := FORCE
# automatic
# | := 
# variable set hash-table stats:
# Load=8/32=25%, Rehash=0, Collisions=3/25=12%
#  recipe to execute (from 'Makefile', line 194):
	@echo '$(CXX) $(CXXFLAGS)' | cmp -s - $@ || echo '$(CXX) $(CXXFLAGS)' > $@

# Not a target:
../include/thread.h:
#  Implicit rule search has not been done.
#  Modification time never checked.
#  File has not been updated.

# Not a target:
.SUFFIXES:
#  Implicit rule search has not been done.
#  Modification time never checked.
#  File has not been updated.

.PHONY: FORCE
#  Implicit rule search has not been done.
#  Modification time never checked.
#  File has not been updated.

# Not a target:
graphics.cc:
#  Implicit rule search has not been done.
#  Modification time never checked.
#  File has not been updated.

# Not a target:
led-matrix.cc:
#  Implicit rule search has not been done.
#  Modification time never checked.
#  File has not been updated.

thread.o: thread.cc ../include/thread.h
#  Implicit rule search has not been done.
#  Modification time never checked.
#  File has not been updated.

# files hash-table stats:
# Load=31/1024=3%, Rehash=0, Collisions=1/90=1%
# VPATH Search Paths

# No 'vpath' search paths.

# No general ('VPATH' variable) search path.

# strcache buffers: 1 (0) / strings = 50 / storage = 646 B / avg = 12 B
# current buf: size = 8174 B / used = 646 B / count = 50 / avg = 12 B

# strcache performance: lookups = 96 / hit rate = 47%
# hash-table stats:
# Load=50/8192=1%, Rehash=0, Collisions=0/96=0%
# Finished Make data base on Sat Jul 09 20:42:46 2022

 
# GNU Make 4.3
# Built for Windows32
# Copyright (C) 1988-2020 Free Software Foundation, Inc.
# License GPLv3+: GNU GPL version 3 or later <http://gnu.org/licenses/gpl.html>
# This is free software: you are free to change and redistribute it.
# There is NO WARRANTY, to the extent permitted by law.

# Make data base, printed on Sat Jul 09 20:42:46 2022

# Variables

# environment
SYSTEMDRIVE = C:
# environment
LC_ALL = C
# environment
USERPROFILE = C:\Users\romaingue
# environment
LOCALAPPDATA = C:\Users\romaingue\AppData\Local
# environment
VSCODE_CWD = C:\Users\romaingue\AppData\Local\Programs\Microsoft VS Code
# environment
CHOCOLATEYINSTALL = C:\ProgramData\chocolatey
# environment
SYSTEMROOT = C:\WINDOWS
# environment
PROCESSOR_LEVEL = 6
# environment
PSMODULEPATH = C:\Program Files\WindowsPowerS 
hell\Modules;C:\WINDOWS\system32\WindowsPowerShell\v1.0\Modules
# default
MAKE_COMMAND := C:/ProgramData/chocolatey/lib/make/tools/install/bin/make.exe
# automatic
@D = $(patsubst %/,%,$(patsubst %\,%,$(dir $@)))
# environment
CHROME_CRASHPAD_PIPE_NAME = \\.\pipe\crashpad_19728_ETWGIWVTJTBISEWJ
# environment
VSCODE_HANDLES_UNCAUGHT_ERRORS = true
# default
.VARIABLES := 
# automatic
%D = $(patsubst %/,%,$(patsubst %\,%,$(dir $%)))
# automatic
^D = $(patsubst %/,%,$(patsubst %\,%,$(dir $^)))
# automatic
%F = $(notdir $%)
# environment
VSCODE_CODE_CACHE_PATH = C:\Users\romaingue\AppData\Roaming\Code\CachedData\92d25e35d9bf1a6b16f7d0758f25d48ace11e5b9
# environment
LANG = C
# default
.LOADED := 
# environment
TMP = C:\Users\ROMAIN~1\AppData\Local\Temp
# default
.INCLUDE_DIRS = .
# environment
PROCESSOR_ARCHITEW6432 = AMD64
# makefile
MAKEFLAGS = pqrR
# environment
ONEDRIVE = C:\Users\romaingue\OneDrive
# makefile
CURDIR := c:/Users/romaingue/Documents/rgb-panel-tesla
# environment
APPLICATION_INSIGHTS_NO_DIAGNOSTIC_CHANNEL = 1
# automatic
*D = $(patsubst %/,%,$(patsubst %\,%,$(dir $*)))
# environment
PROGRAMFILES = C:\Program Files (x86)
# environment
MFLAGS = -pqrR
# default
.SHELLFLAGS := -c
# environment
COMMONPROGRAMW6432 = C:\Program Files\Common Files
# automatic
+D = $(patsubst %/,%,$(patsubst %\,%,$(dir $+)))
# makefile (from 'Makefile', line 1)
MAKEFILE_LIST := Makefile
# automatic
@F = $(notdir $@)
# environment
VSCODE_PID = 19728
# automatic
?D = $(patsubst %/,%,$(patsubst %\,%,$(dir $?)))
# makefile (from 'Makefile', line 10)
CSHARP_LIB_DIR = bindings/c#
# automatic
*F = $(notdir $*)
# automatic
<D = $(patsubst %/,%,$(patsubst %\,%,$(dir $<)))
# makefile (from 'Makefile', line 4)
RGB_LIBDIR = ./lib
# environment
VSCODE_NLS_CONFIG = {"locale":"fr","availableLanguages":{"*":"fr"},"_languagePackId":"13937c2d711ee67d0a12bab7770373d5.fr","_translationsConfigFile":"C:\\Users\\romaingue\\AppData\\Roaming\\Code\\clp\\13937c2d711ee67d0a12bab7770373d5.fr\\tcf.json","_cacheRoot":"C:\\Users\\romaingue\\AppData\\Roaming\\Code\\clp\\13937c2d711ee67d0a12bab7770373d5.fr","_resolvedLanguagePackCoreLocation":"C:\\Users\\romaingue\\AppData\\Roaming\\Code\\clp\\13937c2d711ee67d0a12bab7770373d5.fr\\92d25e35d9bf1a6b16f7d0758f25d48ace11e5b9","_corruptedFile":"C:\\Users\\romaingue\\AppData\\Roaming\\Code\\clp\\13937c2d711ee67d0a12bab7770373d5.fr\\corrupted.info","_languagePackSupport":true}
# default
MAKE_HOST := Windows32
# environment
PROGRAMDATA = C:\ProgramData
# default
SHELL := sh.exe
# environment
HOMEPATH = \Users\romaingue
# default
MAKECMDGOALS := all
# environment
DRIVERDATA = C:\Windows\System32\Drivers\DriverData
# environment
COMSPEC = C:\WINDOWS\system32\cmd.exe
# environment
WINDIR = C:\WINDOWS
# environment
MAKELEVEL := 0
# default
MAKE = $(MAKE_COMMAND)
# makefile (from 'Makefile', line 6)
RGB_LIBRARY = $(RGB_LIBDIR)/lib$(RGB_LIBRARY_NAME).a
# environment
PATH = C:\Program Files (x86)\Common Files\Oracle\Java\javapath;C:\Program Files (x86)\Intel\Intel(R) Management Engine Components\iCLS\;C:\Program Files\Intel\Intel(R) Management Engine Components\iCLS\;C:\Windows\system32;C:\Windows;C:\Windows\System32\Wbem;C:\Windows\System32\WindowsPowerShell\v1.0\;C:\Program Files (x86)\Intel\Intel(R) Management Engine Components\DAL;C:\Program Files\Intel\Intel(R) Management Engine Components\DAL;C:\Program Files (x86)\Intel\Intel(R) Management Engine Components\IPT;C:\Program Files\Intel\Intel(R) Management Engine Components\IPT;C:\Program Files (x86)\NVIDIA Corporation\PhysX\Common;C:\Program Files\Intel\WiFi\bin\;C:\Program Files\Common Files\Intel\WirelessCommon\;C:\WINDOWS\system32;C:\WINDOWS;C:\WINDOWS\System32\Wbem;C:\WINDOWS\System32\WindowsPowerShell\v1.0\;C:\WINDOWS\System32\OpenSSH\;C:\Android;C:\Program Files\dotnet\;C:\Program Files\NVIDIA Corporation\NVIDIA NvDLISR;C:\WINDOWS\system32;C:\WINDOWS;C:\WINDOWS\System32\Wbem;C:\WINDOWS\System32\WindowsPowerShell\v1.0\;C:\WINDOWS\System32\OpenSSH\;C:\Program Files\Docker\Docker\resources\bin;C:\ProgramData\DockerDesktop\version-bin;C:\Program Files\Git\cmd;C:\ProgramData\chocolatey\bin;C:\Users\romaingue\AppData\Local\Microsoft\WindowsApps;;C:\Users\romaingue\AppData\Local\Programs\Microsoft VS Code\bin
# environment
COMPUTERNAME = BOBBY
# default
MAKEFILES := 
# automatic
^F = $(notdir $^)
# environment
PROMPT = $P$G
# environment
CHOCOLATEYLASTPATHUPDATE = 133018527384384453
# environment
LOGONSERVER = \\BOBBY
# environment
USERNAME = romain
# environment
COMMONPROGRAMFILES = C:\Program Files (x86)\Common Files
# automatic
?F = $(notdir $?)
# environment
PROGRAMW6432 = C:\Program Files
# environment
PATHEXT = .COM;.EXE;.BAT;.CMD;.VBS;.VBE;.JS;.JSE;.WSF;.WSH;.MSC
# automatic
+F = $(notdir $+)
# environment
ORIGINAL_XDG_CURRENT_DESKTOP = undefined
# environment
USERDOMAIN = BOBBY
# 'override' directive
GNUMAKEFLAGS := 
# environment
OS = Windows_NT
# makefile
.DEFAULT_GOAL := all
# default
MAKE_VERSION := 4.3
# makefile (from 'Makefile', line 9)
PYTHON_LIB_DIR = bindings/python
# environment
PROGRAMFILES(X86) = C:\Program Files (x86)
# environment
USERDOMAIN_ROAMINGPROFILE = BOBBY
# environment
NUMBER_OF_PROCESSORS = 8
# environment
PUBLIC = C:\Users\Public
# environment
APPDATA = C:\Users\romaingue\AppData\Roaming
# environment
HOMEDRIVE = C:
# makefile (from 'Makefile', line 5)
RGB_LIBRARY_NAME = rgbmatrix
# environment
PROCESSOR_ARCHITECTURE = x86
# environment
VSCODE_AMD_ENTRYPOINT = vs/workbench/api/node/extensionHostProcess
# environment
COMMONPROGRAMFILES(X86) = C:\Program Files (x86)\Common Files
# environment
ELECTRON_RUN_AS_NODE = 1
# environment
TEMP = C:\Users\ROMAIN~1\AppData\Local\Temp
# environment
VSCODE_IPC_HOOK = \\.\pipe\21371889d25e5cd6b6e076097b40b93a-1.69.0-main-sock
# default
.RECIPEPREFIX := 
# automatic
<F = $(notdir $<)
# default
SUFFIXES := 
# environment
ALLUSERSPROFILE = C:\ProgramData
# environment
SESSIONNAME = Console
# default
.FEATURES := target-specific order-only second-expansion else-if shortest-stem undefine oneshell nocomment grouped-target extra-prereqs archives jobserver output-sync load
# environment
PROCESSOR_REVISION = 9e0a
# environment
PROCESSOR_IDENTIFIER = Intel64 Family 6 Model 158 Stepping 10, GenuineIntel
# variable set hash-table stats:
# Load=94/1024=9%, Rehash=0, Collisions=7/139=5%

# Pattern-specific Variable Values

# No pattern-specific variable values.

# Directories

# . (key c:/Users/romaingue/Documents/rgb-panel-tesla, mtime 1657392162): 19 files, no impossibilities.

# 19 files, no impossibilities in 1 directories.

# Implicit Rules

# No implicit rules.

# Files

FORCE:
#  Phony target (prerequisite of .PHONY).
#  Implicit rule search has not been done.
#  File does not exist.
#  File has been updated.
#  Successfully updated.

build-python: lib/librgbmatrix.a
#  Implicit rule search has not been done.
#  Modification time never checked.
#  File has not been updated.
#  recipe to execute (from 'Makefile', line 28):
	$(MAKE) -C $(PYTHON_LIB_DIR) build

# Not a target:
Makefile:
#  Implicit rule search has been done.
#  Last modified 2022-07-09 20:32:31
#  File has been updated.
#  Successfully updated.

lib/librgbmatrix.a: FORCE
#  Implicit rule search has not been done.
#  Implicit/static pattern stem: ''
#  Modification time never checked.
#  File has been updated.
#  Needs to be updated (-q is set).
# automatic
# @ := lib/librgbmatrix.a
# automatic
# * := 
# automatic
# < := FORCE
# automatic
# + := FORCE
# automatic
# % := 
# automatic
# ^ := FORCE
# automatic
# ? := FORCE
# automatic
# | := 
# variable set hash-table stats:
# Load=8/32=25%, Rehash=0, Collisions=3/16=19%
#  recipe to execute (from 'Makefile', line 15):
	$(MAKE) -C $(RGB_LIBDIR)
	$(MAKE) -C examples-api-use

clean:
#  Implicit rule search has not been done.
#  Modification time never checked.
#  File has not been updated.
#  recipe to execute (from 'Makefile', line 19):
	$(MAKE) -C lib clean
	$(MAKE) -C utils clean
	$(MAKE) -C examples-api-use clean
	$(MAKE) -C $(PYTHON_LIB_DIR) clean

install-python: build-python
#  Implicit rule search has not been done.
#  Modification time never checked.
#  File has not been updated.
#  recipe to execute (from 'Makefile', line 31):
	$(MAKE) -C $(PYTHON_LIB_DIR) install

build-csharp:
#  Implicit rule search has not been done.
#  Modification time never checked.
#  File has not been updated.
#  recipe to execute (from 'Makefile', line 25):
	$(MAKE) -C $(CSHARP_LIB_DIR) build

# Not a target:
.DEFAULT:
#  Implicit rule search has not been done.
#  Modification time never checked.
#  File has not been updated.

all: lib/librgbmatrix.a
#  Command line target.
#  Implicit rule search has been done.
#  File does not exist.
#  File has not been updated.
# variable set hash-table stats:
# Load=0/32=0%, Rehash=0, Collisions=0/8=0%

# Not a target:
.SUFFIXES:
#  Implicit rule search has not been done.
#  Modification time never checked.
#  File has not been updated.

.PHONY: FORCE
#  Implicit rule search has not been done.
#  Modification time never checked.
#  File has not been updated.

# files hash-table stats:
# Load=11/1024=1%, Rehash=0, Collisions=0/31=0%
# VPATH Search Paths

# No 'vpath' search paths.

# No general ('VPATH' 
 variable) search path.

# strcache buffers: 1 (0) / strings = 29 / storage = 252 B / avg = 8 B
# current buf: size = 8174 B / used = 252 B / count = 29 / avg = 8 B

# strcache performance: lookups = 48 / hit rate = 39%
# hash-table stats:
# Load=29/8192=0%, Rehash=0, Collisions=0/48=0%
# Finished Make data base on Sat Jul 09 20:42:46 2022

 
